0 info it worked if it ends with ok
1 verbose cli [ 'C:\\Program Files (x86)\\nodejs\\\\node.exe',
1 verbose cli   'C:\\Program Files (x86)\\nodejs\\node_modules\\npm\\bin\\npm-cli.js',
1 verbose cli   'install' ]
2 info using npm@2.7.4
3 info using node@v0.12.2
4 verbose node symlink C:\Program Files (x86)\nodejs\\node.exe
5 verbose install where, deps [ 'C:\\Damaris\\FACULTATE\\Anul IV\\licenta\\upwords',
5 verbose install   [ 'bootstrap-sass',
5 verbose install     'gulp',
5 verbose install     'jquery',
5 verbose install     'laravel-elixir',
5 verbose install     'laravel-elixir-vue-2',
5 verbose install     'laravel-elixir-webpack-official',
5 verbose install     'lodash',
5 verbose install     'vue',
5 verbose install     'vue-resource' ] ]
6 verbose install where, peers [ 'C:\\Damaris\\FACULTATE\\Anul IV\\licenta\\upwords', [] ]
7 info preinstall @
8 silly cache add args [ 'gulp@^3.9.1', null ]
9 verbose cache add spec gulp@^3.9.1
10 silly cache add parsed spec { raw: 'gulp@^3.9.1',
10 silly cache add   scope: null,
10 silly cache add   name: 'gulp',
10 silly cache add   rawSpec: '^3.9.1',
10 silly cache add   spec: '>=3.9.1 <4.0.0',
10 silly cache add   type: 'range' }
11 verbose addNamed gulp@>=3.9.1 <4.0.0
12 silly addNamed semver.valid null
13 silly addNamed semver.validRange >=3.9.1 <4.0.0
14 silly addNameRange { name: 'gulp', range: '>=3.9.1 <4.0.0', hasData: false }
15 silly mapToRegistry name gulp
16 silly mapToRegistry using default registry
17 silly mapToRegistry registry https://registry.npmjs.org/
18 silly mapToRegistry uri https://registry.npmjs.org/gulp
19 verbose addNameRange registry:https://registry.npmjs.org/gulp not in flight; fetching
20 silly cache add args [ 'jquery@^3.1.0', null ]
21 verbose cache add spec jquery@^3.1.0
22 silly cache add parsed spec { raw: 'jquery@^3.1.0',
22 silly cache add   scope: null,
22 silly cache add   name: 'jquery',
22 silly cache add   rawSpec: '^3.1.0',
22 silly cache add   spec: '>=3.1.0 <4.0.0',
22 silly cache add   type: 'range' }
23 verbose addNamed jquery@>=3.1.0 <4.0.0
24 silly addNamed semver.valid null
25 silly addNamed semver.validRange >=3.1.0 <4.0.0
26 silly addNameRange { name: 'jquery', range: '>=3.1.0 <4.0.0', hasData: false }
27 silly mapToRegistry name jquery
28 silly mapToRegistry using default registry
29 silly mapToRegistry registry https://registry.npmjs.org/
30 silly mapToRegistry uri https://registry.npmjs.org/jquery
31 verbose addNameRange registry:https://registry.npmjs.org/jquery not in flight; fetching
32 silly cache add args [ 'laravel-elixir@^6.0.0-14', null ]
33 verbose cache add spec laravel-elixir@^6.0.0-14
34 silly cache add parsed spec { raw: 'laravel-elixir@^6.0.0-14',
34 silly cache add   scope: null,
34 silly cache add   name: 'laravel-elixir',
34 silly cache add   rawSpec: '^6.0.0-14',
34 silly cache add   spec: '>=6.0.0-14 <7.0.0',
34 silly cache add   type: 'range' }
35 verbose addNamed laravel-elixir@>=6.0.0-14 <7.0.0
36 silly addNamed semver.valid null
37 silly addNamed semver.validRange >=6.0.0-14 <7.0.0
38 silly addNameRange { name: 'laravel-elixir',
38 silly addNameRange   range: '>=6.0.0-14 <7.0.0',
38 silly addNameRange   hasData: false }
39 silly mapToRegistry name laravel-elixir
40 silly mapToRegistry using default registry
41 silly mapToRegistry registry https://registry.npmjs.org/
42 silly mapToRegistry uri https://registry.npmjs.org/laravel-elixir
43 verbose addNameRange registry:https://registry.npmjs.org/laravel-elixir not in flight; fetching
44 silly cache add args [ 'laravel-elixir-vue-2@^0.2.0', null ]
45 verbose cache add spec laravel-elixir-vue-2@^0.2.0
46 silly cache add parsed spec { raw: 'laravel-elixir-vue-2@^0.2.0',
46 silly cache add   scope: null,
46 silly cache add   name: 'laravel-elixir-vue-2',
46 silly cache add   rawSpec: '^0.2.0',
46 silly cache add   spec: '>=0.2.0 <0.3.0',
46 silly cache add   type: 'range' }
47 verbose addNamed laravel-elixir-vue-2@>=0.2.0 <0.3.0
48 silly addNamed semver.valid null
49 silly addNamed semver.validRange >=0.2.0 <0.3.0
50 silly addNameRange { name: 'laravel-elixir-vue-2',
50 silly addNameRange   range: '>=0.2.0 <0.3.0',
50 silly addNameRange   hasData: false }
51 silly mapToRegistry name laravel-elixir-vue-2
52 silly mapToRegistry using default registry
53 silly mapToRegistry registry https://registry.npmjs.org/
54 silly mapToRegistry uri https://registry.npmjs.org/laravel-elixir-vue-2
55 verbose addNameRange registry:https://registry.npmjs.org/laravel-elixir-vue-2 not in flight; fetching
56 silly cache add args [ 'laravel-elixir-webpack-official@^1.0.2', null ]
57 verbose cache add spec laravel-elixir-webpack-official@^1.0.2
58 silly cache add parsed spec { raw: 'laravel-elixir-webpack-official@^1.0.2',
58 silly cache add   scope: null,
58 silly cache add   name: 'laravel-elixir-webpack-official',
58 silly cache add   rawSpec: '^1.0.2',
58 silly cache add   spec: '>=1.0.2 <2.0.0',
58 silly cache add   type: 'range' }
59 verbose addNamed laravel-elixir-webpack-official@>=1.0.2 <2.0.0
60 silly addNamed semver.valid null
61 silly addNamed semver.validRange >=1.0.2 <2.0.0
62 silly addNameRange { name: 'laravel-elixir-webpack-official',
62 silly addNameRange   range: '>=1.0.2 <2.0.0',
62 silly addNameRange   hasData: false }
63 silly mapToRegistry name laravel-elixir-webpack-official
64 silly mapToRegistry using default registry
65 silly mapToRegistry registry https://registry.npmjs.org/
66 silly mapToRegistry uri https://registry.npmjs.org/laravel-elixir-webpack-official
67 verbose addNameRange registry:https://registry.npmjs.org/laravel-elixir-webpack-official not in flight; fetching
68 silly cache add args [ 'lodash@^4.16.2', null ]
69 verbose cache add spec lodash@^4.16.2
70 silly cache add parsed spec { raw: 'lodash@^4.16.2',
70 silly cache add   scope: null,
70 silly cache add   name: 'lodash',
70 silly cache add   rawSpec: '^4.16.2',
70 silly cache add   spec: '>=4.16.2 <5.0.0',
70 silly cache add   type: 'range' }
71 verbose addNamed lodash@>=4.16.2 <5.0.0
72 silly addNamed semver.valid null
73 silly addNamed semver.validRange >=4.16.2 <5.0.0
74 silly addNameRange { name: 'lodash', range: '>=4.16.2 <5.0.0', hasData: false }
75 silly mapToRegistry name lodash
76 silly mapToRegistry using default registry
77 silly mapToRegistry registry https://registry.npmjs.org/
78 silly mapToRegistry uri https://registry.npmjs.org/lodash
79 verbose addNameRange registry:https://registry.npmjs.org/lodash not in flight; fetching
80 silly cache add args [ 'vue@^2.0.1', null ]
81 verbose cache add spec vue@^2.0.1
82 silly cache add parsed spec { raw: 'vue@^2.0.1',
82 silly cache add   scope: null,
82 silly cache add   name: 'vue',
82 silly cache add   rawSpec: '^2.0.1',
82 silly cache add   spec: '>=2.0.1 <3.0.0',
82 silly cache add   type: 'range' }
83 verbose addNamed vue@>=2.0.1 <3.0.0
84 silly addNamed semver.valid null
85 silly addNamed semver.validRange >=2.0.1 <3.0.0
86 silly addNameRange { name: 'vue', range: '>=2.0.1 <3.0.0', hasData: false }
87 silly mapToRegistry name vue
88 silly mapToRegistry using default registry
89 silly mapToRegistry registry https://registry.npmjs.org/
90 silly mapToRegistry uri https://registry.npmjs.org/vue
91 verbose addNameRange registry:https://registry.npmjs.org/vue not in flight; fetching
92 silly cache add args [ 'vue-resource@^1.0.3', null ]
93 verbose cache add spec vue-resource@^1.0.3
94 silly cache add parsed spec { raw: 'vue-resource@^1.0.3',
94 silly cache add   scope: null,
94 silly cache add   name: 'vue-resource',
94 silly cache add   rawSpec: '^1.0.3',
94 silly cache add   spec: '>=1.0.3 <2.0.0',
94 silly cache add   type: 'range' }
95 verbose addNamed vue-resource@>=1.0.3 <2.0.0
96 silly addNamed semver.valid null
97 silly addNamed semver.validRange >=1.0.3 <2.0.0
98 silly addNameRange { name: 'vue-resource', range: '>=1.0.3 <2.0.0', hasData: false }
99 silly mapToRegistry name vue-resource
100 silly mapToRegistry using default registry
101 silly mapToRegistry registry https://registry.npmjs.org/
102 silly mapToRegistry uri https://registry.npmjs.org/vue-resource
103 verbose addNameRange registry:https://registry.npmjs.org/vue-resource not in flight; fetching
104 silly cache add args [ 'bootstrap-sass@^3.3.7', null ]
105 verbose cache add spec bootstrap-sass@^3.3.7
106 silly cache add parsed spec { raw: 'bootstrap-sass@^3.3.7',
106 silly cache add   scope: null,
106 silly cache add   name: 'bootstrap-sass',
106 silly cache add   rawSpec: '^3.3.7',
106 silly cache add   spec: '>=3.3.7 <4.0.0',
106 silly cache add   type: 'range' }
107 verbose addNamed bootstrap-sass@>=3.3.7 <4.0.0
108 silly addNamed semver.valid null
109 silly addNamed semver.validRange >=3.3.7 <4.0.0
110 silly addNameRange { name: 'bootstrap-sass',
110 silly addNameRange   range: '>=3.3.7 <4.0.0',
110 silly addNameRange   hasData: false }
111 silly mapToRegistry name bootstrap-sass
112 silly mapToRegistry using default registry
113 silly mapToRegistry registry https://registry.npmjs.org/
114 silly mapToRegistry uri https://registry.npmjs.org/bootstrap-sass
115 verbose addNameRange registry:https://registry.npmjs.org/bootstrap-sass not in flight; fetching
116 verbose request uri https://registry.npmjs.org/gulp
117 verbose request no auth needed
118 info attempt registry request try #1 at 2:41:47 PM
119 verbose request id c8ca9c4545ee5202
120 http request GET https://registry.npmjs.org/gulp
121 verbose request uri https://registry.npmjs.org/jquery
122 verbose request no auth needed
123 info attempt registry request try #1 at 2:41:47 PM
124 http request GET https://registry.npmjs.org/jquery
125 verbose request uri https://registry.npmjs.org/laravel-elixir
126 verbose request no auth needed
127 info attempt registry request try #1 at 2:41:47 PM
128 http request GET https://registry.npmjs.org/laravel-elixir
129 verbose request uri https://registry.npmjs.org/laravel-elixir-vue-2
130 verbose request no auth needed
131 info attempt registry request try #1 at 2:41:47 PM
132 http request GET https://registry.npmjs.org/laravel-elixir-vue-2
133 verbose request uri https://registry.npmjs.org/laravel-elixir-webpack-official
134 verbose request no auth needed
135 info attempt registry request try #1 at 2:41:47 PM
136 http request GET https://registry.npmjs.org/laravel-elixir-webpack-official
137 verbose request uri https://registry.npmjs.org/lodash
138 verbose request no auth needed
139 info attempt registry request try #1 at 2:41:47 PM
140 http request GET https://registry.npmjs.org/lodash
141 verbose request uri https://registry.npmjs.org/vue
142 verbose request no auth needed
143 info attempt registry request try #1 at 2:41:47 PM
144 http request GET https://registry.npmjs.org/vue
145 verbose request uri https://registry.npmjs.org/vue-resource
146 verbose request no auth needed
147 info attempt registry request try #1 at 2:41:47 PM
148 http request GET https://registry.npmjs.org/vue-resource
149 verbose request uri https://registry.npmjs.org/bootstrap-sass
150 verbose request no auth needed
151 info attempt registry request try #1 at 2:41:47 PM
152 http request GET https://registry.npmjs.org/bootstrap-sass
153 info retry will retry, error on last attempt: Error: getaddrinfo ENOENT
154 info retry will retry, error on last attempt: Error: getaddrinfo ENOENT
155 info retry will retry, error on last attempt: Error: getaddrinfo ENOENT
156 info retry will retry, error on last attempt: Error: getaddrinfo ENOENT
157 info retry will retry, error on last attempt: Error: getaddrinfo ENOENT
158 info retry will retry, error on last attempt: Error: getaddrinfo ENOENT
159 info retry will retry, error on last attempt: Error: getaddrinfo ENOENT
160 info retry will retry, error on last attempt: Error: getaddrinfo ENOENT
161 info retry will retry, error on last attempt: Error: getaddrinfo ENOENT
162 info attempt registry request try #2 at 2:41:57 PM
163 http request GET https://registry.npmjs.org/gulp
164 info attempt registry request try #2 at 2:41:57 PM
165 http request GET https://registry.npmjs.org/jquery
166 info attempt registry request try #2 at 2:41:57 PM
167 http request GET https://registry.npmjs.org/laravel-elixir
168 info attempt registry request try #2 at 2:41:57 PM
169 http request GET https://registry.npmjs.org/laravel-elixir-vue-2
170 info attempt registry request try #2 at 2:41:57 PM
171 http request GET https://registry.npmjs.org/laravel-elixir-webpack-official
172 info attempt registry request try #2 at 2:41:57 PM
173 http request GET https://registry.npmjs.org/lodash
174 info attempt registry request try #2 at 2:41:57 PM
175 http request GET https://registry.npmjs.org/vue
176 info attempt registry request try #2 at 2:41:57 PM
177 http request GET https://registry.npmjs.org/vue-resource
178 info retry will retry, error on last attempt: Error: getaddrinfo ENOENT
179 info retry will retry, error on last attempt: Error: getaddrinfo ENOENT
180 info retry will retry, error on last attempt: Error: getaddrinfo ENOENT
181 info attempt registry request try #2 at 2:41:57 PM
182 http request GET https://registry.npmjs.org/bootstrap-sass
183 info retry will retry, error on last attempt: Error: getaddrinfo ENOENT
184 info retry will retry, error on last attempt: Error: getaddrinfo ENOENT
185 info retry will retry, error on last attempt: Error: getaddrinfo ENOENT
186 info retry will retry, error on last attempt: Error: getaddrinfo ENOENT
187 info retry will retry, error on last attempt: Error: getaddrinfo ENOENT
188 info retry will retry, error on last attempt: Error: getaddrinfo ENOENT
189 info attempt registry request try #3 at 2:42:57 PM
190 http request GET https://registry.npmjs.org/gulp
191 info attempt registry request try #3 at 2:42:57 PM
192 http request GET https://registry.npmjs.org/jquery
193 info attempt registry request try #3 at 2:42:57 PM
194 http request GET https://registry.npmjs.org/laravel-elixir
195 info attempt registry request try #3 at 2:42:57 PM
196 http request GET https://registry.npmjs.org/laravel-elixir-vue-2
197 info attempt registry request try #3 at 2:42:57 PM
198 http request GET https://registry.npmjs.org/laravel-elixir-webpack-official
199 info attempt registry request try #3 at 2:42:57 PM
200 http request GET https://registry.npmjs.org/lodash
201 info attempt registry request try #3 at 2:42:57 PM
202 http request GET https://registry.npmjs.org/vue
203 info attempt registry request try #3 at 2:42:57 PM
204 http request GET https://registry.npmjs.org/vue-resource
205 info attempt registry request try #3 at 2:42:57 PM
206 http request GET https://registry.npmjs.org/bootstrap-sass
207 verbose stack Error: getaddrinfo ENOENT
207 verbose stack     at Object.exports._errnoException (util.js:746:11)
207 verbose stack     at errnoException (dns.js:49:15)
207 verbose stack     at GetAddrInfoReqWrap.onlookup [as oncomplete] (dns.js:94:26)
208 verbose cwd C:\Damaris\FACULTATE\Anul IV\licenta\upwords
209 error Windows_NT 6.3.9600
210 error argv "C:\\Program Files (x86)\\nodejs\\\\node.exe" "C:\\Program Files (x86)\\nodejs\\node_modules\\npm\\bin\\npm-cli.js" "install"
211 error node v0.12.2
212 error npm  v2.7.4
213 error code ENOENT
214 error errno ENOENT
215 error syscall getaddrinfo
216 error enoent getaddrinfo ENOENT
216 error enoent This is most likely not a problem with npm itself
216 error enoent and is related to npm not being able to find a file.
217 verbose exit [ 1, true ]
